# JRE version: OpenJDK Runtime Environment (8.0_152-b06) (build 1.8.0_152-release-1136-b06)
# Java VM: OpenJDK 64-Bit Server VM (25.152-b06 mixed mode windows-amd64 compressed oops)
Heap:
 PSYoungGen      total 288256K, used 168456K [0x00000000e0000000, 0x00000000f6c00000, 0x0000000100000000)
  eden space 241664K, 64% used [0x00000000e0000000,0x00000000e992c5f0,0x00000000eec00000)
  from space 46592K, 24% used [0x00000000f3e80000,0x00000000f49d5a40,0x00000000f6c00000)
  to   space 65536K, 0% used [0x00000000eec00000,0x00000000eec00000,0x00000000f2c00000)
 ParOldGen       total 154624K, used 96168K [0x00000000a0000000, 0x00000000a9700000, 0x00000000e0000000)
  object space 154624K, 62% used [0x00000000a0000000,0x00000000a5dea1c8,0x00000000a9700000)
 Metaspace       used 84476K, capacity 87126K, committed 87384K, reserved 1126400K
  class space    used 10759K, capacity 11328K, committed 11392K, reserved 1048576K
GC Heap History (10 events):
Event: 37.083 GC heap before
{Heap before GC invocations=14 (full 3):
 PSYoungGen      total 203776K, used 183223K [0x00000000e0000000, 0x00000000edc00000, 0x0000000100000000)
  eden space 183296K, 99% used [0x00000000e0000000,0x00000000eb2ede68,0x00000000eb300000)
  from space 20480K, 0% used [0x00000000ec780000,0x00000000ec780000,0x00000000edb80000)
  to   space 20992K, 0% used [0x00000000eb300000,0x00000000eb300000,0x00000000ec780000)
 ParOldGen       total 154624K, used 36005K [0x00000000a0000000, 0x00000000a9700000, 0x00000000e0000000)
  object space 154624K, 23% used [0x00000000a0000000,0x00000000a2329618,0x00000000a9700000)
 Metaspace       used 76727K, capacity 78574K, committed 78936K, reserved 1118208K
  class space    used 9796K, capacity 10260K, committed 10368K, reserved 1048576K
Event: 37.136 GC heap after
Heap after GC invocations=14 (full 3):
 PSYoungGen      total 204288K, used 20987K [0x00000000e0000000, 0x00000000f0780000, 0x0000000100000000)
  eden space 183296K, 0% used [0x00000000e0000000,0x00000000e0000000,0x00000000eb300000)
  from space 20992K, 99% used [0x00000000eb300000,0x00000000ec77ed98,0x00000000ec780000)
  to   space 26624K, 0% used [0x00000000eed80000,0x00000000eed80000,0x00000000f0780000)
 ParOldGen       total 154624K, used 43178K [0x00000000a0000000, 0x00000000a9700000, 0x00000000e0000000)
  object space 154624K, 27% used [0x00000000a0000000,0x00000000a2a2a920,0x00000000a9700000)
 Metaspace       used 76727K, capacity 78574K, committed 78936K, reserved 1118208K
  class space    used 9796K, capacity 10260K, committed 10368K, reserved 1048576K
}
Event: 42.371 GC heap before
{Heap before GC invocations=15 (full 3):
 PSYoungGen      total 204288K, used 204283K [0x00000000e0000000, 0x00000000f0780000, 0x0000000100000000)
  eden space 183296K, 100% used [0x00000000e0000000,0x00000000eb300000,0x00000000eb300000)
  from space 20992K, 99% used [0x00000000eb300000,0x00000000ec77ed98,0x00000000ec780000)
  to   space 26624K, 0% used [0x00000000eed80000,0x00000000eed80000,0x00000000f0780000)
 ParOldGen       total 154624K, used 43178K [0x00000000a0000000, 0x00000000a9700000, 0x00000000e0000000)
  object space 154624K, 27% used [0x00000000a0000000,0x00000000a2a2a920,0x00000000a9700000)
 Metaspace       used 81551K, capacity 83672K, committed 83928K, reserved 1122304K
  class space    used 10418K, capacity 10915K, committed 11008K, reserved 1048576K
Event: 42.557 GC heap after
Heap after GC invocations=15 (full 3):
 PSYoungGen      total 224256K, used 26622K [0x00000000e0000000, 0x00000000f3900000, 0x0000000100000000)
  eden space 197632K, 0% used [0x00000000e0000000,0x00000000e0000000,0x00000000ec100000)
  from space 26624K, 99% used [0x00000000eed80000,0x00000000f077f8d0,0x00000000f0780000)
  to   space 45568K, 0% used [0x00000000ec100000,0x00000000ec100000,0x00000000eed80000)
 ParOldGen       total 154624K, used 84107K [0x00000000a0000000, 0x00000000a9700000, 0x00000000e0000000)
  object space 154624K, 54% used [0x00000000a0000000,0x00000000a5222dd8,0x00000000a9700000)
 Metaspace       used 81551K, capacity 83672K, committed 83928K, reserved 1122304K
  class space    used 10418K, capacity 10915K, committed 11008K, reserved 1048576K
}
Event: 47.062 GC heap before
{Heap before GC invocations=16 (full 3):
 PSYoungGen      total 224256K, used 224254K [0x00000000e0000000, 0x00000000f3900000, 0x0000000100000000)
  eden space 197632K, 100% used [0x00000000e0000000,0x00000000ec100000,0x00000000ec100000)
  from space 26624K, 99% used [0x00000000eed80000,0x00000000f077f8d0,0x00000000f0780000)
  to   space 45568K, 0% used [0x00000000ec100000,0x00000000ec100000,0x00000000eed80000)
 ParOldGen       total 154624K, used 84107K [0x00000000a0000000, 0x00000000a9700000, 0x00000000e0000000)
  object space 154624K, 54% used [0x00000000a0000000,0x00000000a5222dd8,0x00000000a9700000)
 Metaspace       used 81964K, capacity 84212K, committed 84440K, reserved 1122304K
  class space    used 10461K, capacity 10993K, committed 11008K, reserved 1048576K
Event: 47.270 GC heap after
Heap after GC invocations=16 (full 3):
 PSYoungGen      total 243200K, used 45553K [0x00000000e0000000, 0x00000000f8080000, 0x0000000100000000)
  eden space 197632K, 0% used [0x00000000e0000000,0x00000000e0000000,0x00000000ec100000)
  from space 45568K, 99% used [0x00000000ec100000,0x00000000eed7c450,0x00000000eed80000)
  to   space 67584K, 0% used [0x00000000f3e80000,0x00000000f3e80000,0x00000000f8080000)
 ParOldGen       total 154624K, used 123095K [0x00000000a0000000, 0x00000000a9700000, 0x00000000e0000000)
  object space 154624K, 79% used [0x00000000a0000000,0x00000000a7835d90,0x00000000a9700000)
 Metaspace       used 81964K, capacity 84212K, committed 84440K, reserved 1122304K
  class space    used 10461K, capacity 10993K, committed 11008K, reserved 1048576K
}
Event: 47.270 GC heap before
{Heap before GC invocations=17 (full 4):
 PSYoungGen      total 243200K, used 45553K [0x00000000e0000000, 0x00000000f8080000, 0x0000000100000000)
  eden space 197632K, 0% used [0x00000000e0000000,0x00000000e0000000,0x00000000ec100000)
  from space 45568K, 99% used [0x00000000ec100000,0x00000000eed7c450,0x00000000eed80000)
  to   space 67584K, 0% used [0x00000000f3e80000,0x00000000f3e80000,0x00000000f8080000)
 ParOldGen       total 154624K, used 123095K [0x00000000a0000000, 0x00000000a9700000, 0x00000000e0000000)
  object space 154624K, 79% used [0x00000000a0000000,0x00000000a7835d90,0x00000000a9700000)
 Metaspace       used 81964K, capacity 84212K, committed 84440K, reserved 1122304K
  class space    used 10461K, capacity 10993K, committed 11008K, reserved 1048576K
Event: 48.386 GC heap after
Heap after GC invocations=17 (full 4):
 PSYoungGen      total 243200K, used 0K [0x00000000e0000000, 0x00000000f8080000, 0x0000000100000000)
  eden space 197632K, 0% used [0x00000000e0000000,0x00000000e0000000,0x00000000ec100000)
  from space 45568K, 0% used [0x00000000ec100000,0x00000000ec100000,0x00000000eed80000)
  to   space 67584K, 0% used [0x00000000f3e80000,0x00000000f3e80000,0x00000000f8080000)
 ParOldGen       total 154624K, used 96160K [0x00000000a0000000, 0x00000000a9700000, 0x00000000e0000000)
  object space 154624K, 62% used [0x00000000a0000000,0x00000000a5de81c8,0x00000000a9700000)
 Metaspace       used 81959K, capacity 84194K, committed 84440K, reserved 1122304K
  class space    used 10459K, capacity 10990K, committed 11008K, reserved 1048576K
}
Event: 53.370 GC heap before
{Heap before GC invocations=18 (full 4):
 PSYoungGen      total 243200K, used 197632K [0x00000000e0000000, 0x00000000f8080000, 0x0000000100000000)
  eden space 197632K, 100% used [0x00000000e0000000,0x00000000ec100000,0x00000000ec100000)
  from space 45568K, 0% used [0x00000000ec100000,0x00000000ec100000,0x00000000eed80000)
  to   space 67584K, 0% used [0x00000000f3e80000,0x00000000f3e80000,0x00000000f8080000)
 ParOldGen       total 154624K, used 96160K [0x00000000a0000000, 0x00000000a9700000, 0x00000000e0000000)
  object space 154624K, 62% used [0x00000000a0000000,0x00000000a5de81c8,0x00000000a9700000)
 Metaspace       used 83133K, capacity 85640K, committed 85976K, reserved 1124352K
  class space    used 10614K, capacity 11153K, committed 11264K, reserved 1048576K
Event: 53.404 GC heap after
Heap after GC invocations=18 (full 4):
 PSYoungGen      total 288256K, used 11606K [0x00000000e0000000, 0x00000000f6c00000, 0x0000000100000000)
  eden space 241664K, 0% used [0x00000000e0000000,0x00000000e0000000,0x00000000eec00000)
  from space 46592K, 24% used [0x00000000f3e80000,0x00000000f49d5a40,0x00000000f6c00000)
  to   space 65536K, 0% used [0x00000000eec00000,0x00000000eec00000,0x00000000f2c00000)
 ParOldGen       total 154624K, used 96168K [0x00000000a0000000, 0x00000000a9700000, 0x00000000e0000000)
  object space 154624K, 62% used [0x00000000a0000000,0x00000000a5dea1c8,0x00000000a9700000)
 Metaspace       used 83133K, capacity 85640K, committed 85976K, reserved 1124352K
  class space    used 10614K, capacity 11153K, committed 11264K, reserved 1048576K
}

