# JRE version: OpenJDK Runtime Environment (8.0_152-b06) (build 1.8.0_152-release-1136-b06)
# Java VM: OpenJDK 64-Bit Server VM (25.152-b06 mixed mode windows-amd64 compressed oops)
Heap:
 PSYoungGen      total 417280K, used 358098K [0x00000000e0000000, 0x00000000fb380000, 0x0000000100000000)
  eden space 388608K, 90% used [0x00000000e0000000,0x00000000f5918e40,0x00000000f7b80000)
  from space 28672K, 16% used [0x00000000f7b80000,0x00000000f801ba98,0x00000000f9780000)
  to   space 27136K, 0% used [0x00000000f9900000,0x00000000f9900000,0x00000000fb380000)
 ParOldGen       total 141824K, used 72393K [0x00000000a0000000, 0x00000000a8a80000, 0x00000000e0000000)
  object space 141824K, 51% used [0x00000000a0000000,0x00000000a46b2598,0x00000000a8a80000)
 Metaspace       used 87352K, capacity 89930K, committed 90200K, reserved 1128448K
  class space    used 10955K, capacity 11526K, committed 11648K, reserved 1048576K
GC Heap History (10 events):
Event: 72.716 GC heap before
{Heap before GC invocations=28 (full 3):
 PSYoungGen      total 415744K, used 396525K [0x00000000e0000000, 0x00000000fb380000, 0x0000000100000000)
  eden space 388608K, 100% used [0x00000000e0000000,0x00000000f7b80000,0x00000000f7b80000)
  from space 27136K, 29% used [0x00000000f9900000,0x00000000fa0bb788,0x00000000fb380000)
  to   space 28672K, 0% used [0x00000000f7b80000,0x00000000f7b80000,0x00000000f9780000)
 ParOldGen       total 141824K, used 56334K [0x00000000a0000000, 0x00000000a8a80000, 0x00000000e0000000)
  object space 141824K, 39% used [0x00000000a0000000,0x00000000a3703940,0x00000000a8a80000)
 Metaspace       used 86352K, capacity 88942K, committed 89048K, reserved 1126400K
  class space    used 10882K, capacity 11460K, committed 11520K, reserved 1048576K
Event: 72.851 GC heap after
Heap after GC invocations=28 (full 3):
 PSYoungGen      total 417280K, used 13432K [0x00000000e0000000, 0x00000000fb380000, 0x0000000100000000)
  eden space 388608K, 0% used [0x00000000e0000000,0x00000000e0000000,0x00000000f7b80000)
  from space 28672K, 46% used [0x00000000f7b80000,0x00000000f889e3c8,0x00000000f9780000)
  to   space 27136K, 0% used [0x00000000f9900000,0x00000000f9900000,0x00000000fb380000)
 ParOldGen       total 141824K, used 59463K [0x00000000a0000000, 0x00000000a8a80000, 0x00000000e0000000)
  object space 141824K, 41% used [0x00000000a0000000,0x00000000a3a11ee8,0x00000000a8a80000)
 Metaspace       used 86352K, capacity 88942K, committed 89048K, reserved 1126400K
  class space    used 10882K, capacity 11460K, committed 11520K, reserved 1048576K
}
Event: 76.329 GC heap before
{Heap before GC invocations=29 (full 3):
 PSYoungGen      total 417280K, used 402040K [0x00000000e0000000, 0x00000000fb380000, 0x0000000100000000)
  eden space 388608K, 100% used [0x00000000e0000000,0x00000000f7b80000,0x00000000f7b80000)
  from space 28672K, 46% used [0x00000000f7b80000,0x00000000f889e3c8,0x00000000f9780000)
  to   space 27136K, 0% used [0x00000000f9900000,0x00000000f9900000,0x00000000fb380000)
 ParOldGen       total 141824K, used 59463K [0x00000000a0000000, 0x00000000a8a80000, 0x00000000e0000000)
  object space 141824K, 41% used [0x00000000a0000000,0x00000000a3a11ee8,0x00000000a8a80000)
 Metaspace       used 86401K, capacity 89010K, committed 89304K, reserved 1126400K
  class space    used 10883K, capacity 11460K, committed 11520K, reserved 1048576K
Event: 76.386 GC heap after
Heap after GC invocations=29 (full 3):
 PSYoungGen      total 415744K, used 8790K [0x00000000e0000000, 0x00000000fb380000, 0x0000000100000000)
  eden space 388608K, 0% used [0x00000000e0000000,0x00000000e0000000,0x00000000f7b80000)
  from space 27136K, 32% used [0x00000000f9900000,0x00000000fa195b60,0x00000000fb380000)
  to   space 28672K, 0% used [0x00000000f7b80000,0x00000000f7b80000,0x00000000f9780000)
 ParOldGen       total 141824K, used 66421K [0x00000000a0000000, 0x00000000a8a80000, 0x00000000e0000000)
  object space 141824K, 46% used [0x00000000a0000000,0x00000000a40dd6c0,0x00000000a8a80000)
 Metaspace       used 86401K, capacity 89010K, committed 89304K, reserved 1126400K
  class space    used 10883K, capacity 11460K, committed 11520K, reserved 1048576K
}
Event: 79.622 GC heap before
{Heap before GC invocations=30 (full 3):
 PSYoungGen      total 415744K, used 397398K [0x00000000e0000000, 0x00000000fb380000, 0x0000000100000000)
  eden space 388608K, 100% used [0x00000000e0000000,0x00000000f7b80000,0x00000000f7b80000)
  from space 27136K, 32% used [0x00000000f9900000,0x00000000fa195b60,0x00000000fb380000)
  to   space 28672K, 0% used [0x00000000f7b80000,0x00000000f7b80000,0x00000000f9780000)
 ParOldGen       total 141824K, used 66421K [0x00000000a0000000, 0x00000000a8a80000, 0x00000000e0000000)
  object space 141824K, 46% used [0x00000000a0000000,0x00000000a40dd6c0,0x00000000a8a80000)
 Metaspace       used 86449K, capacity 89010K, committed 89304K, reserved 1126400K
  class space    used 10883K, capacity 11460K, committed 11520K, reserved 1048576K
Event: 79.651 GC heap after
Heap after GC invocations=30 (full 3):
 PSYoungGen      total 417280K, used 9072K [0x00000000e0000000, 0x00000000fb380000, 0x0000000100000000)
  eden space 388608K, 0% used [0x00000000e0000000,0x00000000e0000000,0x00000000f7b80000)
  from space 28672K, 31% used [0x00000000f7b80000,0x00000000f845c258,0x00000000f9780000)
  to   space 27136K, 0% used [0x00000000f9900000,0x00000000f9900000,0x00000000fb380000)
 ParOldGen       total 141824K, used 70151K [0x00000000a0000000, 0x00000000a8a80000, 0x00000000e0000000)
  object space 141824K, 49% used [0x00000000a0000000,0x00000000a4481f40,0x00000000a8a80000)
 Metaspace       used 86449K, capacity 89010K, committed 89304K, reserved 1126400K
  class space    used 10883K, capacity 11460K, committed 11520K, reserved 1048576K
}
Event: 82.272 GC heap before
{Heap before GC invocations=31 (full 3):
 PSYoungGen      total 417280K, used 397680K [0x00000000e0000000, 0x00000000fb380000, 0x0000000100000000)
  eden space 388608K, 100% used [0x00000000e0000000,0x00000000f7b80000,0x00000000f7b80000)
  from space 28672K, 31% used [0x00000000f7b80000,0x00000000f845c258,0x00000000f9780000)
  to   space 27136K, 0% used [0x00000000f9900000,0x00000000f9900000,0x00000000fb380000)
 ParOldGen       total 141824K, used 70151K [0x00000000a0000000, 0x00000000a8a80000, 0x00000000e0000000)
  object space 141824K, 49% used [0x00000000a0000000,0x00000000a4481f40,0x00000000a8a80000)
 Metaspace       used 86510K, capacity 89082K, committed 89304K, reserved 1126400K
  class space    used 10885K, capacity 11462K, committed 11520K, reserved 1048576K
Event: 82.308 GC heap after
Heap after GC invocations=31 (full 3):
 PSYoungGen      total 415744K, used 5930K [0x00000000e0000000, 0x00000000fb380000, 0x0000000100000000)
  eden space 388608K, 0% used [0x00000000e0000000,0x00000000e0000000,0x00000000f7b80000)
  from space 27136K, 21% used [0x00000000f9900000,0x00000000f9ecab10,0x00000000fb380000)
  to   space 28672K, 0% used [0x00000000f7b80000,0x00000000f7b80000,0x00000000f9780000)
 ParOldGen       total 141824K, used 71504K [0x00000000a0000000, 0x00000000a8a80000, 0x00000000e0000000)
  object space 141824K, 50% used [0x00000000a0000000,0x00000000a45d4080,0x00000000a8a80000)
 Metaspace       used 86510K, capacity 89082K, committed 89304K, reserved 1126400K
  class space    used 10885K, capacity 11462K, committed 11520K, reserved 1048576K
}
Event: 84.621 GC heap before
{Heap before GC invocations=32 (full 3):
 PSYoungGen      total 415744K, used 394538K [0x00000000e0000000, 0x00000000fb380000, 0x0000000100000000)
  eden space 388608K, 100% used [0x00000000e0000000,0x00000000f7b80000,0x00000000f7b80000)
  from space 27136K, 21% used [0x00000000f9900000,0x00000000f9ecab10,0x00000000fb380000)
  to   space 28672K, 0% used [0x00000000f7b80000,0x00000000f7b80000,0x00000000f9780000)
 ParOldGen       total 141824K, used 71504K [0x00000000a0000000, 0x00000000a8a80000, 0x00000000e0000000)
  object space 141824K, 50% used [0x00000000a0000000,0x00000000a45d4080,0x00000000a8a80000)
 Metaspace       used 86523K, capacity 89088K, committed 89304K, reserved 1126400K
  class space    used 10886K, capacity 11463K, committed 11520K, reserved 1048576K
Event: 84.641 GC heap after
Heap after GC invocations=32 (full 3):
 PSYoungGen      total 417280K, used 4718K [0x00000000e0000000, 0x00000000fb380000, 0x0000000100000000)
  eden space 388608K, 0% used [0x00000000e0000000,0x00000000e0000000,0x00000000f7b80000)
  from space 28672K, 16% used [0x00000000f7b80000,0x00000000f801ba98,0x00000000f9780000)
  to   space 27136K, 0% used [0x00000000f9900000,0x00000000f9900000,0x00000000fb380000)
 ParOldGen       total 141824K, used 72393K [0x00000000a0000000, 0x00000000a8a80000, 0x00000000e0000000)
  object space 141824K, 51% used [0x00000000a0000000,0x00000000a46b2598,0x00000000a8a80000)
 Metaspace       used 86523K, capacity 89088K, committed 89304K, reserved 1126400K
  class space    used 10886K, capacity 11463K, committed 11520K, reserved 1048576K
}

