# JRE version: OpenJDK Runtime Environment (8.0_152-b06) (build 1.8.0_152-release-1136-b06)
# Java VM: OpenJDK 64-Bit Server VM (25.152-b06 mixed mode windows-amd64 compressed oops)
Heap:
 PSYoungGen      total 143360K, used 65071K [0x00000000e0000000, 0x00000000eac00000, 0x0000000100000000)
  eden space 121856K, 35% used [0x00000000e0000000,0x00000000e2a8dcd0,0x00000000e7700000)
  from space 21504K, 99% used [0x00000000e9080000,0x00000000ea57e048,0x00000000ea580000)
  to   space 26112K, 0% used [0x00000000e7700000,0x00000000e7700000,0x00000000e9080000)
 ParOldGen       total 144384K, used 35223K [0x00000000a0000000, 0x00000000a8d00000, 0x00000000e0000000)
  object space 144384K, 24% used [0x00000000a0000000,0x00000000a2265ec0,0x00000000a8d00000)
 Metaspace       used 69146K, capacity 71590K, committed 71640K, reserved 1112064K
  class space    used 9120K, capacity 9709K, committed 9728K, reserved 1048576K
GC Heap History (10 events):
Event: 52.980 GC heap before
{Heap before GC invocations=17 (full 2):
 PSYoungGen      total 98304K, used 38192K [0x00000000e0000000, 0x00000000e7880000, 0x0000000100000000)
  eden space 83456K, 27% used [0x00000000e0000000,0x00000000e16ccfb0,0x00000000e5180000)
  from space 14848K, 99% used [0x00000000e6300000,0x00000000e717f360,0x00000000e7180000)
  to   space 17920K, 0% used [0x00000000e5180000,0x00000000e5180000,0x00000000e6300000)
 ParOldGen       total 104448K, used 22794K [0x00000000a0000000, 0x00000000a6600000, 0x00000000e0000000)
  object space 104448K, 21% used [0x00000000a0000000,0x00000000a1642998,0x00000000a6600000)
 Metaspace       used 57260K, capacity 59002K, committed 59028K, reserved 1099776K
  class space    used 7703K, capacity 8181K, committed 8192K, reserved 1048576K
Event: 53.017 GC heap after
Heap after GC invocations=17 (full 2):
 PSYoungGen      total 101376K, used 16093K [0x00000000e0000000, 0x00000000e9380000, 0x0000000100000000)
  eden space 83456K, 0% used [0x00000000e0000000,0x00000000e0000000,0x00000000e5180000)
  from space 17920K, 89% used [0x00000000e5180000,0x00000000e6137520,0x00000000e6300000)
  to   space 19456K, 0% used [0x00000000e8080000,0x00000000e8080000,0x00000000e9380000)
 ParOldGen       total 104448K, used 22802K [0x00000000a0000000, 0x00000000a6600000, 0x00000000e0000000)
  object space 104448K, 21% used [0x00000000a0000000,0x00000000a1644998,0x00000000a6600000)
 Metaspace       used 57260K, capacity 59002K, committed 59028K, reserved 1099776K
  class space    used 7703K, capacity 8181K, committed 8192K, reserved 1048576K
}
Event: 53.017 GC heap before
{Heap before GC invocations=18 (full 3):
 PSYoungGen      total 101376K, used 16093K [0x00000000e0000000, 0x00000000e9380000, 0x0000000100000000)
  eden space 83456K, 0% used [0x00000000e0000000,0x00000000e0000000,0x00000000e5180000)
  from space 17920K, 89% used [0x00000000e5180000,0x00000000e6137520,0x00000000e6300000)
  to   space 19456K, 0% used [0x00000000e8080000,0x00000000e8080000,0x00000000e9380000)
 ParOldGen       total 104448K, used 22802K [0x00000000a0000000, 0x00000000a6600000, 0x00000000e0000000)
  object space 104448K, 21% used [0x00000000a0000000,0x00000000a1644998,0x00000000a6600000)
 Metaspace       used 57260K, capacity 59002K, committed 59028K, reserved 1099776K
  class space    used 7703K, capacity 8181K, committed 8192K, reserved 1048576K
Event: 53.503 GC heap after
Heap after GC invocations=18 (full 3):
 PSYoungGen      total 101376K, used 0K [0x00000000e0000000, 0x00000000e9380000, 0x0000000100000000)
  eden space 83456K, 0% used [0x00000000e0000000,0x00000000e0000000,0x00000000e5180000)
  from space 17920K, 0% used [0x00000000e5180000,0x00000000e5180000,0x00000000e6300000)
  to   space 19456K, 0% used [0x00000000e8080000,0x00000000e8080000,0x00000000e9380000)
 ParOldGen       total 144384K, used 31289K [0x00000000a0000000, 0x00000000a8d00000, 0x00000000e0000000)
  object space 144384K, 21% used [0x00000000a0000000,0x00000000a1e8e5d0,0x00000000a8d00000)
 Metaspace       used 57260K, capacity 59002K, committed 59028K, reserved 1099776K
  class space    used 7703K, capacity 8181K, committed 8192K, reserved 1048576K
}
Event: 57.756 GC heap before
{Heap before GC invocations=19 (full 3):
 PSYoungGen      total 101376K, used 83456K [0x00000000e0000000, 0x00000000e9380000, 0x0000000100000000)
  eden space 83456K, 100% used [0x00000000e0000000,0x00000000e5180000,0x00000000e5180000)
  from space 17920K, 0% used [0x00000000e5180000,0x00000000e5180000,0x00000000e6300000)
  to   space 19456K, 0% used [0x00000000e8080000,0x00000000e8080000,0x00000000e9380000)
 ParOldGen       total 144384K, used 31289K [0x00000000a0000000, 0x00000000a8d00000, 0x00000000e0000000)
  object space 144384K, 21% used [0x00000000a0000000,0x00000000a1e8e5d0,0x00000000a8d00000)
 Metaspace       used 59466K, capacity 61310K, committed 61528K, reserved 1101824K
  class space    used 8055K, capacity 8552K, committed 8576K, reserved 1048576K
Event: 57.777 GC heap after
Heap after GC invocations=19 (full 3):
 PSYoungGen      total 118272K, used 7364K [0x00000000e0000000, 0x00000000e8c80000, 0x0000000100000000)
  eden space 105984K, 0% used [0x00000000e0000000,0x00000000e0000000,0x00000000e6780000)
  from space 12288K, 59% used [0x00000000e8080000,0x00000000e87b1328,0x00000000e8c80000)
  to   space 18944K, 0% used [0x00000000e6780000,0x00000000e6780000,0x00000000e7a00000)
 ParOldGen       total 144384K, used 31289K [0x00000000a0000000, 0x00000000a8d00000, 0x00000000e0000000)
  object space 144384K, 21% used [0x00000000a0000000,0x00000000a1e8e5d0,0x00000000a8d00000)
 Metaspace       used 59466K, capacity 61310K, committed 61528K, reserved 1101824K
  class space    used 8055K, capacity 8552K, committed 8576K, reserved 1048576K
}
Event: 61.191 GC heap before
{Heap before GC invocations=20 (full 3):
 PSYoungGen      total 118272K, used 113348K [0x00000000e0000000, 0x00000000e8c80000, 0x0000000100000000)
  eden space 105984K, 100% used [0x00000000e0000000,0x00000000e6780000,0x00000000e6780000)
  from space 12288K, 59% used [0x00000000e8080000,0x00000000e87b1328,0x00000000e8c80000)
  to   space 18944K, 0% used [0x00000000e6780000,0x00000000e6780000,0x00000000e7a00000)
 ParOldGen       total 144384K, used 31289K [0x00000000a0000000, 0x00000000a8d00000, 0x00000000e0000000)
  object space 144384K, 21% used [0x00000000a0000000,0x00000000a1e8e5d0,0x00000000a8d00000)
 Metaspace       used 61934K, capacity 63912K, committed 64088K, reserved 1103872K
  class space    used 8413K, capacity 8974K, committed 9088K, reserved 1048576K
Event: 61.240 GC heap after
Heap after GC invocations=20 (full 3):
 PSYoungGen      total 124928K, used 18928K [0x00000000e0000000, 0x00000000ea580000, 0x0000000100000000)
  eden space 105984K, 0% used [0x00000000e0000000,0x00000000e0000000,0x00000000e6780000)
  from space 18944K, 99% used [0x00000000e6780000,0x00000000e79fc238,0x00000000e7a00000)
  to   space 21504K, 0% used [0x00000000e9080000,0x00000000e9080000,0x00000000ea580000)
 ParOldGen       total 144384K, used 31505K [0x00000000a0000000, 0x00000000a8d00000, 0x00000000e0000000)
  object space 144384K, 21% used [0x00000000a0000000,0x00000000a1ec47d0,0x00000000a8d00000)
 Metaspace       used 61934K, capacity 63912K, committed 64088K, reserved 1103872K
  class space    used 8413K, capacity 8974K, committed 9088K, reserved 1048576K
}
Event: 98.355 GC heap before
{Heap before GC invocations=21 (full 3):
 PSYoungGen      total 124928K, used 124912K [0x00000000e0000000, 0x00000000ea580000, 0x0000000100000000)
  eden space 105984K, 100% used [0x00000000e0000000,0x00000000e6780000,0x00000000e6780000)
  from space 18944K, 99% used [0x00000000e6780000,0x00000000e79fc238,0x00000000e7a00000)
  to   space 21504K, 0% used [0x00000000e9080000,0x00000000e9080000,0x00000000ea580000)
 ParOldGen       total 144384K, used 31505K [0x00000000a0000000, 0x00000000a8d00000, 0x00000000e0000000)
  object space 144384K, 21% used [0x00000000a0000000,0x00000000a1ec47d0,0x00000000a8d00000)
 Metaspace       used 67980K, capacity 70340K, committed 70488K, reserved 1110016K
  class space    used 8961K, capacity 9552K, committed 9600K, reserved 1048576K
Event: 98.415 GC heap after
Heap after GC invocations=21 (full 3):
 PSYoungGen      total 143360K, used 21496K [0x00000000e0000000, 0x00000000eac00000, 0x0000000100000000)
  eden space 121856K, 0% used [0x00000000e0000000,0x00000000e0000000,0x00000000e7700000)
  from space 21504K, 99% used [0x00000000e9080000,0x00000000ea57e048,0x00000000ea580000)
  to   space 26112K, 0% used [0x00000000e7700000,0x00000000e7700000,0x00000000e9080000)
 ParOldGen       total 144384K, used 35223K [0x00000000a0000000, 0x00000000a8d00000, 0x00000000e0000000)
  object space 144384K, 24% used [0x00000000a0000000,0x00000000a2265ec0,0x00000000a8d00000)
 Metaspace       used 67980K, capacity 70340K, committed 70488K, reserved 1110016K
  class space    used 8961K, capacity 9552K, committed 9600K, reserved 1048576K
}

