# JRE version: OpenJDK Runtime Environment (8.0_152-b06) (build 1.8.0_152-release-1136-b06)
# Java VM: OpenJDK 64-Bit Server VM (25.152-b06 mixed mode windows-amd64 compressed oops)
Heap:
 PSYoungGen      total 266752K, used 25890K [0x00000000e0000000, 0x00000000f4b00000, 0x0000000100000000)
  eden space 229888K, 6% used [0x00000000e0000000,0x00000000e0f1a4f0,0x00000000ee080000)
  from space 36864K, 28% used [0x00000000ee080000,0x00000000eeaae320,0x00000000f0480000)
  to   space 35328K, 0% used [0x00000000f2880000,0x00000000f2880000,0x00000000f4b00000)
 ParOldGen       total 241664K, used 65846K [0x00000000a0000000, 0x00000000aec00000, 0x00000000e0000000)
  object space 241664K, 27% used [0x00000000a0000000,0x00000000a404daa0,0x00000000aec00000)
 Metaspace       used 98162K, capacity 100656K, committed 100884K, reserved 1136640K
  class space    used 12208K, capacity 12811K, committed 12860K, reserved 1048576K
GC Heap History (10 events):
Event: 83.630 GC heap before
{Heap before GC invocations=15 (full 3):
 PSYoungGen      total 198144K, used 170496K [0x00000000e0000000, 0x00000000efb80000, 0x0000000100000000)
  eden space 170496K, 100% used [0x00000000e0000000,0x00000000ea680000,0x00000000ea680000)
  from space 27648K, 0% used [0x00000000ea680000,0x00000000ea680000,0x00000000ec180000)
  to   space 27648K, 0% used [0x00000000ee080000,0x00000000ee080000,0x00000000efb80000)
 ParOldGen       total 157696K, used 33152K [0x00000000a0000000, 0x00000000a9a00000, 0x00000000e0000000)
  object space 157696K, 21% used [0x00000000a0000000,0x00000000a2060218,0x00000000a9a00000)
 Metaspace       used 66452K, capacity 68090K, committed 68372K, reserved 1107968K
  class space    used 8742K, capacity 9204K, committed 9276K, reserved 1048576K
Event: 83.661 GC heap after
Heap after GC invocations=15 (full 3):
 PSYoungGen      total 225792K, used 14586K [0x00000000e0000000, 0x00000000ef900000, 0x0000000100000000)
  eden space 200704K, 0% used [0x00000000e0000000,0x00000000e0000000,0x00000000ec400000)
  from space 25088K, 58% used [0x00000000ee080000,0x00000000eeebebc8,0x00000000ef900000)
  to   space 27136K, 0% used [0x00000000ec400000,0x00000000ec400000,0x00000000ede80000)
 ParOldGen       total 157696K, used 33160K [0x00000000a0000000, 0x00000000a9a00000, 0x00000000e0000000)
  object space 157696K, 21% used [0x00000000a0000000,0x00000000a2062218,0x00000000a9a00000)
 Metaspace       used 66452K, capacity 68090K, committed 68372K, reserved 1107968K
  class space    used 8742K, capacity 9204K, committed 9276K, reserved 1048576K
}
Event: 107.447 GC heap before
{Heap before GC invocations=16 (full 3):
 PSYoungGen      total 225792K, used 215290K [0x00000000e0000000, 0x00000000ef900000, 0x0000000100000000)
  eden space 200704K, 100% used [0x00000000e0000000,0x00000000ec400000,0x00000000ec400000)
  from space 25088K, 58% used [0x00000000ee080000,0x00000000eeebebc8,0x00000000ef900000)
  to   space 27136K, 0% used [0x00000000ec400000,0x00000000ec400000,0x00000000ede80000)
 ParOldGen       total 157696K, used 33160K [0x00000000a0000000, 0x00000000a9a00000, 0x00000000e0000000)
  object space 157696K, 21% used [0x00000000a0000000,0x00000000a2062218,0x00000000a9a00000)
 Metaspace       used 85638K, capacity 87512K, committed 87828K, reserved 1126400K
  class space    used 10860K, capacity 11322K, committed 11324K, reserved 1048576K
Event: 107.499 GC heap after
Heap after GC invocations=16 (full 3):
 PSYoungGen      total 227840K, used 27126K [0x00000000e0000000, 0x00000000f2800000, 0x0000000100000000)
  eden space 200704K, 0% used [0x00000000e0000000,0x00000000e0000000,0x00000000ec400000)
  from space 27136K, 99% used [0x00000000ec400000,0x00000000ede7d990,0x00000000ede80000)
  to   space 35840K, 0% used [0x00000000f0500000,0x00000000f0500000,0x00000000f2800000)
 ParOldGen       total 157696K, used 44402K [0x00000000a0000000, 0x00000000a9a00000, 0x00000000e0000000)
  object space 157696K, 28% used [0x00000000a0000000,0x00000000a2b5c900,0x00000000a9a00000)
 Metaspace       used 85638K, capacity 87512K, committed 87828K, reserved 1126400K
  class space    used 10860K, capacity 11322K, committed 11324K, reserved 1048576K
}
Event: 121.353 GC heap before
{Heap before GC invocations=17 (full 3):
 PSYoungGen      total 227840K, used 129882K [0x00000000e0000000, 0x00000000f2800000, 0x0000000100000000)
  eden space 200704K, 51% used [0x00000000e0000000,0x00000000e6458ea0,0x00000000ec400000)
  from space 27136K, 99% used [0x00000000ec400000,0x00000000ede7d990,0x00000000ede80000)
  to   space 35840K, 0% used [0x00000000f0500000,0x00000000f0500000,0x00000000f2800000)
 ParOldGen       total 157696K, used 44402K [0x00000000a0000000, 0x00000000a9a00000, 0x00000000e0000000)
  object space 157696K, 28% used [0x00000000a0000000,0x00000000a2b5c900,0x00000000a9a00000)
 Metaspace       used 96004K, capacity 98290K, committed 98380K, reserved 1134592K
  class space    used 12067K, capacity 12646K, committed 12732K, reserved 1048576K
Event: 121.405 GC heap after
Heap after GC invocations=17 (full 3):
 PSYoungGen      total 265728K, used 22680K [0x00000000e0000000, 0x00000000f2880000, 0x0000000100000000)
  eden space 229888K, 0% used [0x00000000e0000000,0x00000000e0000000,0x00000000ee080000)
  from space 35840K, 63% used [0x00000000f0500000,0x00000000f1b26250,0x00000000f2800000)
  to   space 36864K, 0% used [0x00000000ee080000,0x00000000ee080000,0x00000000f0480000)
 ParOldGen       total 157696K, used 55740K [0x00000000a0000000, 0x00000000a9a00000, 0x00000000e0000000)
  object space 157696K, 35% used [0x00000000a0000000,0x00000000a366f340,0x00000000a9a00000)
 Metaspace       used 96004K, capacity 98290K, committed 98380K, reserved 1134592K
  class space    used 12067K, capacity 12646K, committed 12732K, reserved 1048576K
}
Event: 121.405 GC heap before
{Heap before GC invocations=18 (full 4):
 PSYoungGen      total 265728K, used 22680K [0x00000000e0000000, 0x00000000f2880000, 0x0000000100000000)
  eden space 229888K, 0% used [0x00000000e0000000,0x00000000e0000000,0x00000000ee080000)
  from space 35840K, 63% used [0x00000000f0500000,0x00000000f1b26250,0x00000000f2800000)
  to   space 36864K, 0% used [0x00000000ee080000,0x00000000ee080000,0x00000000f0480000)
 ParOldGen       total 157696K, used 55740K [0x00000000a0000000, 0x00000000a9a00000, 0x00000000e0000000)
  object space 157696K, 35% used [0x00000000a0000000,0x00000000a366f340,0x00000000a9a00000)
 Metaspace       used 96004K, capacity 98290K, committed 98380K, reserved 1134592K
  class space    used 12067K, capacity 12646K, committed 12732K, reserved 1048576K
Event: 121.926 GC heap after
Heap after GC invocations=18 (full 4):
 PSYoungGen      total 265728K, used 0K [0x00000000e0000000, 0x00000000f2880000, 0x0000000100000000)
  eden space 229888K, 0% used [0x00000000e0000000,0x00000000e0000000,0x00000000ee080000)
  from space 35840K, 0% used [0x00000000f0500000,0x00000000f0500000,0x00000000f2800000)
  to   space 36864K, 0% used [0x00000000ee080000,0x00000000ee080000,0x00000000f0480000)
 ParOldGen       total 241664K, used 65838K [0x00000000a0000000, 0x00000000aec00000, 0x00000000e0000000)
  object space 241664K, 27% used [0x00000000a0000000,0x00000000a404baa0,0x00000000aec00000)
 Metaspace       used 95905K, capacity 98030K, committed 98380K, reserved 1134592K
  class space    used 12032K, capacity 12586K, committed 12732K, reserved 1048576K
}
Event: 126.388 GC heap before
{Heap before GC invocations=19 (full 4):
 PSYoungGen      total 265728K, used 229888K [0x00000000e0000000, 0x00000000f2880000, 0x0000000100000000)
  eden space 229888K, 100% used [0x00000000e0000000,0x00000000ee080000,0x00000000ee080000)
  from space 35840K, 0% used [0x00000000f0500000,0x00000000f0500000,0x00000000f2800000)
  to   space 36864K, 0% used [0x00000000ee080000,0x00000000ee080000,0x00000000f0480000)
 ParOldGen       total 241664K, used 65838K [0x00000000a0000000, 0x00000000aec00000, 0x00000000e0000000)
  object space 241664K, 27% used [0x00000000a0000000,0x00000000a404baa0,0x00000000aec00000)
 Metaspace       used 98146K, capacity 100592K, committed 100884K, reserved 1136640K
  class space    used 12208K, capacity 12811K, committed 12860K, reserved 1048576K
Event: 126.419 GC heap after
Heap after GC invocations=19 (full 4):
 PSYoungGen      total 266752K, used 10424K [0x00000000e0000000, 0x00000000f4b00000, 0x0000000100000000)
  eden space 229888K, 0% used [0x00000000e0000000,0x00000000e0000000,0x00000000ee080000)
  from space 36864K, 28% used [0x00000000ee080000,0x00000000eeaae320,0x00000000f0480000)
  to   space 35328K, 0% used [0x00000000f2880000,0x00000000f2880000,0x00000000f4b00000)
 ParOldGen       total 241664K, used 65846K [0x00000000a0000000, 0x00000000aec00000, 0x00000000e0000000)
  object space 241664K, 27% used [0x00000000a0000000,0x00000000a404daa0,0x00000000aec00000)
 Metaspace       used 98146K, capacity 100592K, committed 100884K, reserved 1136640K
  class space    used 12208K, capacity 12811K, committed 12860K, reserved 1048576K
}

